<?xml version="1.0" encoding="UTF-8"?><testsuite errors="1" failures="0" name="Crear nuevo usuario" skipped="0" tests="2" time="32.12" timestamp="2022-08-19 09:05:17"><testcase name="Crear nuevo registro"/><testcase name="Comprar un articulo"><error message="element click intercepted: Element &lt;button id=&quot;sign_in_btnundefined&quot; type=&quot;button&quot; class=&quot;sec-sender-a ng-scope&quot; role=&quot;button&quot; data-ng-click=&quot;senderCtrl.send()&quot;&gt;...&lt;/button&gt; is not clickable at point (960, 475). Other element would receive the click: &lt;div class=&quot;loader&quot; style=&quot;display: block; opacity: 0.108153;&quot;&gt;...&lt;/div&gt;&#10;  (Session info: chrome=104.0.5112.102)&#10;Build info: version: '3.141.59', revision: 'e82be7d358', time: '2018-11-14T08:17:03'&#10;System info: host: 'DESKTOP-142RRQ8', ip: '192.168.0.10', os.name: 'Windows 10', os.arch: 'amd64', os.version: '10.0', java.version: '1.8.0_202'&#10;Driver info: org.openqa.selenium.chrome.ChromeDriver&#10;Capabilities {acceptInsecureCerts: false, browserName: chrome, browserVersion: 104.0.5112.102, chrome: {chromedriverVersion: 104.0.5112.79 (3cf3e8c8a07d..., userDataDir: C:\Users\inger\AppData\Loca...}, goog:chromeOptions: {debuggerAddress: localhost:49516}, javascriptEnabled: true, networkConnectionEnabled: false, pageLoadStrategy: normal, platform: WINDOWS, platformName: WINDOWS, proxy: Proxy(), setWindowRect: true, strictFileInteractability: false, timeouts: {implicit: 0, pageLoad: 300000, script: 30000}, unhandledPromptBehavior: dismiss and notify, webauthn:extension:credBlob: true, webauthn:extension:largeBlob: true, webauthn:virtualAuthenticators: true}&#10;Session ID: 7da456493a71ed1d69d3da173875c859" type="org.openqa.selenium.ElementClickInterceptedException">element click intercepted: Element &lt;button id="sign_in_btnundefined" type="button" class="sec-sender-a ng-scope" role="button" data-ng-click="senderCtrl.send()"&gt;...&lt;/button&gt; is not clickable at point (960, 475). Other element would receive the click: &lt;div class="loader" style="display: block; opacity: 0.108153;"&gt;...&lt;/div&gt;
  (Session info: chrome=104.0.5112.102)
Build info: version: '3.141.59', revision: 'e82be7d358', time: '2018-11-14T08:17:03'
System info: host: 'DESKTOP-142RRQ8', ip: '192.168.0.10', os.name: 'Windows 10', os.arch: 'amd64', os.version: '10.0', java.version: '1.8.0_202'
Driver info: org.openqa.selenium.chrome.ChromeDriver
Capabilities {acceptInsecureCerts: false, browserName: chrome, browserVersion: 104.0.5112.102, chrome: {chromedriverVersion: 104.0.5112.79 (3cf3e8c8a07d..., userDataDir: C:\Users\inger\AppData\Loca...}, goog:chromeOptions: {debuggerAddress: localhost:49516}, javascriptEnabled: true, networkConnectionEnabled: false, pageLoadStrategy: normal, platform: WINDOWS, platformName: WINDOWS, proxy: Proxy(), setWindowRect: true, strictFileInteractability: false, timeouts: {implicit: 0, pageLoad: 300000, script: 30000}, unhandledPromptBehavior: dismiss and notify, webauthn:extension:credBlob: true, webauthn:extension:largeBlob: true, webauthn:virtualAuthenticators: true}
Session ID: 7da456493a71ed1d69d3da173875c859</error><system-err>element click intercepted: Element &lt;button id="sign_in_btnundefined" type="button" class="sec-sender-a ng-scope" role="button" data-ng-click="senderCtrl.send()"&gt;...&lt;/button&gt; is not clickable at point (960, 475). Other element would receive the click: &lt;div class="loader" style="display: block; opacity: 0.108153;"&gt;...&lt;/div&gt;
  (Session info: chrome=104.0.5112.102)
Build info: version: '3.141.59', revision: 'e82be7d358', time: '2018-11-14T08:17:03'
System info: host: 'DESKTOP-142RRQ8', ip: '192.168.0.10', os.name: 'Windows 10', os.arch: 'amd64', os.version: '10.0', java.version: '1.8.0_202'
Driver info: org.openqa.selenium.chrome.ChromeDriver
Capabilities {acceptInsecureCerts: false, browserName: chrome, browserVersion: 104.0.5112.102, chrome: {chromedriverVersion: 104.0.5112.79 (3cf3e8c8a07d..., userDataDir: C:\Users\inger\AppData\Loca...}, goog:chromeOptions: {debuggerAddress: localhost:49516}, javascriptEnabled: true, networkConnectionEnabled: false, pageLoadStrategy: normal, platform: WINDOWS, platformName: WINDOWS, proxy: Proxy(), setWindowRect: true, strictFileInteractability: false, timeouts: {implicit: 0, pageLoad: 300000, script: 30000}, unhandledPromptBehavior: dismiss and notify, webauthn:extension:credBlob: true, webauthn:extension:largeBlob: true, webauthn:virtualAuthenticators: true}
Session ID: 7da456493a71ed1d69d3da173875c859&#13;
task.Realizar.performAs(Realizar.java:31)&#13;
stepdefinitions.AdvantagedemoStepDefinitions.paul_realiza_el_login_en_la_pagina_con_los_datos(AdvantagedemoStepDefinitions.java:54)&#13;
cucumber.runner.Runner.runPickle(Runner.java:80)&#13;
</system-err></testcase></testsuite>